[2026-02-10 14:23:47] REQUEST: GET /index HTTP/1.1
[2026-02-10 14:23:47] RESPONSE: HTTP/1.1 32616 ахLЧ€
[2026-02-10 14:24:00] REQUEST: GET /index.html HTTP/1.1
[2026-02-10 14:24:00] RESPONSE: HTTP/1.1 200 OK
[2026-02-10 14:24:14] REQUEST: GET /index.html HTTP/1.1
[2026-02-10 14:24:14] RESPONSE: HTTP/1.1 200 OK
[2026-02-10 14:24:15] REQUEST: GET /index.html HTTP/1.1
[2026-02-10 14:24:15] RESPONSE: HTTP/1.1 200 OK
[2026-02-10 14:24:38] REQUEST: GET /python.png HTTP/1.1
[2026-02-10 14:24:38] RESPONSE: HTTP/1.1 200 OK
[2026-02-10 14:24:53] REQUEST: GET /pyth HTTP/1.1
[2026-02-10 14:24:53] RESPONSE: HTTP/1.1 200 ахLЧ€
[2026-02-10 14:27:58] REQUEST: GET /pyth HTTP/1.1
[2026-02-10 14:29:28] REQUEST: GET / HTTP/1.1
[2026-02-10 14:31:32] REQUEST: GET / HTTP/1.1
[2026-02-10 14:33:59] REQUEST: GET / HTTP/1.1
[2026-02-10 14:33:59] RESPONSE: HTTP/1.1 404 Not Found
[2026-02-10 14:34:23] REQUEST: GET /index.html HTTP/1.1
[2026-02-10 14:34:23] RESPONSE: HTTP/1.1 200 OK
[2026-02-10 14:34:29] REQUEST: GET /script.js HTTP/1.1
[2026-02-10 14:34:29] RESPONSE: HTTP/1.1 200 OK
[2026-02-10 15:39:34] REQUEST: GET /script.js HTTP/1.1
[2026-02-10 15:39:34] RESPONSE: HTTP/1.1 200 OK
[2026-02-10 15:39:46] REQUEST: GET /idnex.html HTTP/1.1
[2026-02-10 15:39:46] RESPONSE: HTTP/1.1 404 Not Found
[2026-02-10 15:54:00] RESPONSE: HTTP/1.1 404 Not Found
[2026-02-10 15:54:11] RESPONSE: HTTP/1.1 404 Not Found
[2026-02-10 15:54:14] REQUEST: GET /idnex.html HTTP/1.1
[2026-02-10 15:54:14] RESPONSE: HTTP/1.1 404 Not Found
[2026-02-10 16:13:21] RESPONSE: HTTP/1.1 405 Method not allowed
[2026-02-10 16:13:21] RESPONSE: HTTP/1.1 404 Not Found
[2026-02-10 16:13:26] REQUEST: GET /idnex.html HTTP/1.1
[2026-02-10 16:13:26] RESPONSE: HTTP/1.1 404 Not Found
[2026-02-10 16:13:30] REQUEST: GET /index.html HTTP/1.1
[2026-02-10 16:13:30] RESPONSE: HTTP/1.1 200 OK
